app/build/outputs/logs/manifest-merger-debug-report.txt
-- Merging decision tree log ---
manifest
ADDED from src\main\AndroidManifest.xml:1:1-87:12
	package
		ADDED from src\main\AndroidManifest.xml:2:5-31
		INJECTED from src\main\AndroidManifest.xml
		INJECTED from src\main\AndroidManifest.xml
	android:versionName
		ADDED from src\main\AndroidManifest.xml:4:5-32
		INJECTED from src\main\AndroidManifest.xml
		INJECTED from src\main\AndroidManifest.xml
	android:versionCode
		ADDED from src\main\AndroidManifest.xml:3:5-29
		INJECTED from src\main\AndroidManifest.xml
		INJECTED from src\main\AndroidManifest.xml
	xmlns:android
		ADDED from src\main\AndroidManifest.xml:1:11-69
uses-sdk
ADDED from src\main\AndroidManifest.xml:6:5-8:41
MERGED from [com.android.support:support-v4:23.1.1] AndroidManifest.xml:20:5-43
	android:targetSdkVersion
		ADDED from src\main\AndroidManifest.xml:8:9-38
		INJECTED from src\main\AndroidManifest.xml
		INJECTED from src\main\AndroidManifest.xml
	android:minSdkVersion
		ADDED from src\main\AndroidManifest.xml:7:9-35
		INJECTED from src\main\AndroidManifest.xml
		INJECTED from src\main\AndroidManifest.xml
uses-permission#android.permission.INTERNET
ADDED from src\main\AndroidManifest.xml:10:5-83
	android:name
		ADDED from src\main\AndroidManifest.xml:10:22-64
uses-permission#android.permission.RECORD_AUDIO
ADDED from src\main\AndroidManifest.xml:11:5-71
	android:name
		ADDED from src\main\AndroidManifest.xml:11:22-68
uses-permission#android.permission.MODIFY_AUDIO_SETTINGS
ADDED from src\main\AndroidManifest.xml:12:5-80
	android:name
		ADDED from src\main\AndroidManifest.xml:12:22-77
uses-permission#android.permission.READ_PHONE_STATE
ADDED from src\main\AndroidManifest.xml:13:5-75
	android:name
		ADDED from src\main\AndroidManifest.xml:13:22-72
application
ADDED from src\main\AndroidManifest.xml:15:5-85:19
MERGED from [com.android.support:support-v4:23.1.1] AndroidManifest.xml:22:5-20
	android:label
		ADDED from src\main\AndroidManifest.xml:17:9-41
	android:icon
		ADDED from src\main\AndroidManifest.xml:16:9-45
	android:theme
		ADDED from src\main\AndroidManifest.xml:18:9-40
activity#io.radio.android.MainActivity
ADDED from src\main\AndroidManifest.xml:19:9-33:20
	android:screenOrientation
		ADDED from src\main\AndroidManifest.xml:24:13-49
	android:label
		ADDED from src\main\AndroidManifest.xml:22:13-56
	android:launchMode
		ADDED from src\main\AndroidManifest.xml:23:13-43
	android:configChanges
		ADDED from src\main\AndroidManifest.xml:21:13-74
	android:name
		ADDED from src\main\AndroidManifest.xml:20:13-41
intent-filter#android.intent.action.MAIN+android.intent.category.LAUNCHER
ADDED from src\main\AndroidManifest.xml:25:13-28:29
action#android.intent.action.MAIN
ADDED from src\main\AndroidManifest.xml:26:17-69
	android:name
		ADDED from src\main\AndroidManifest.xml:26:25-66
category#android.intent.category.LAUNCHER
ADDED from src\main\AndroidManifest.xml:27:17-77
	android:name
		ADDED from src\main\AndroidManifest.xml:27:27-74
intent-filter#android.intent.action.MUSIC_PLAYER+android.intent.category.APP_MUSIC
ADDED from src\main\AndroidManifest.xml:29:13-32:29
action#android.intent.action.MUSIC_PLAYER
ADDED from src\main\AndroidManifest.xml:30:17-77
	android:name
		ADDED from src\main\AndroidManifest.xml:30:25-74
category#android.intent.category.APP_MUSIC
ADDED from src\main\AndroidManifest.xml:31:17-78
	android:name
		ADDED from src\main\AndroidManifest.xml:31:27-75
activity#io.radio.android.SearchActivity
ADDED from src\main\AndroidManifest.xml:34:9-51:20
	android:screenOrientation
		ADDED from src\main\AndroidManifest.xml:39:13-49
	android:label
		ADDED from src\main\AndroidManifest.xml:36:13-36
	android:parentActivityName
		ADDED from src\main\AndroidManifest.xml:38:13-55
	android:launchMode
		ADDED from src\main\AndroidManifest.xml:37:13-43
	android:name
		ADDED from src\main\AndroidManifest.xml:35:13-43
intent-filter#android.intent.action.SEARCH
ADDED from src\main\AndroidManifest.xml:40:13-42:29
action#android.intent.action.SEARCH
ADDED from src\main\AndroidManifest.xml:41:17-71
	android:name
		ADDED from src\main\AndroidManifest.xml:41:25-68
meta-data#android.app.searchable
ADDED from src\main\AndroidManifest.xml:44:13-46:54
	android:resource
		ADDED from src\main\AndroidManifest.xml:46:17-51
	android:name
		ADDED from src\main\AndroidManifest.xml:45:17-54
meta-data#android.app.default_searchable
ADDED from src\main\AndroidManifest.xml:47:13-49:52
	android:value
		ADDED from src\main\AndroidManifest.xml:49:17-49
	android:name
		ADDED from src\main\AndroidManifest.xml:48:17-62
activity#io.radio.android.QueueActivity
ADDED from src\main\AndroidManifest.xml:52:9-56:52
	android:screenOrientation
		ADDED from src\main\AndroidManifest.xml:56:13-49
	android:label
		ADDED from src\main\AndroidManifest.xml:54:13-34
	android:parentActivityName
		ADDED from src\main\AndroidManifest.xml:55:13-55
	android:name
		ADDED from src\main\AndroidManifest.xml:53:13-42
activity#io.radio.android.LastPlayedActivity
ADDED from src\main\AndroidManifest.xml:57:9-62:52
	android:screenOrientation
		ADDED from src\main\AndroidManifest.xml:62:13-49
	android:label
		ADDED from src\main\AndroidManifest.xml:59:13-40
	android:parentActivityName
		ADDED from src\main\AndroidManifest.xml:61:13-55
	android:name
		ADDED from src\main\AndroidManifest.xml:58:13-47
service#io.radio.android.RadioService
ADDED from src\main\AndroidManifest.xml:64:9-49
	android:name
		ADDED from src\main\AndroidManifest.xml:64:18-46
receiver#io.radio.android.RadioWidgetProvider
ADDED from src\main\AndroidManifest.xml:66:9-73:20
	android:name
		ADDED from src\main\AndroidManifest.xml:66:19-54
intent-filter#android.appwidget.action.APPWIDGET_UPDATE
ADDED from src\main\AndroidManifest.xml:67:13-69:29
action#android.appwidget.action.APPWIDGET_UPDATE
ADDED from src\main\AndroidManifest.xml:68:17-84
	android:name
		ADDED from src\main\AndroidManifest.xml:68:25-81
meta-data#android.appwidget.provider
ADDED from src\main\AndroidManifest.xml:70:13-72:59
	android:resource
		ADDED from src\main\AndroidManifest.xml:72:17-56
	android:name
		ADDED from src\main\AndroidManifest.xml:71:17-58
receiver#io.radio.android.RemoteControlReceiver
ADDED from src\main\AndroidManifest.xml:75:9-79:20
	android:name
		ADDED from src\main\AndroidManifest.xml:75:19-56
intent-filter#android.intent.action.MEDIA_BUTTON
ADDED from src\main\AndroidManifest.xml:76:13-78:29
action#android.intent.action.MEDIA_BUTTON
ADDED from src\main\AndroidManifest.xml:77:17-77
	android:name
		ADDED from src\main\AndroidManifest.xml:77:25-74
activity#io.radio.android.SettingsActivity
ADDED from src\main\AndroidManifest.xml:81:9-63
	android:name
		ADDED from src\main\AndroidManifest.xml:81:19-51
provider#io.radio.android.RadioAutoCompleteProvider
ADDED from src\main\AndroidManifest.xml:82:9-84:89
	android:authorities
		ADDED from src\main\AndroidManifest.xml:84:13-77
	android:name
		ADDED from src\main\AndroidManifest.xml:83:13-53